287 56 359 359 56 56 325 325 325 325 325 325 325 322 322 322 322 322 322 325 325 322 322 322 322 322 322 322 322 322 322 322 323 323 323 323 326 326 326 326 326 326 326 326 326 326 326 326
287 56 14 14 56 56 325 325 325 347 347 347 347 347 347 347 347 347 347 347 65 347 65 65 65 65 65 65 65 65 65 65 65 65 65 65 65 65 65 65 37 44 37 37 37 65 65 65
287 56 14 14 349 349 49 13 13 49 49 49 49 357 357 357 54 357 357 54 54 42 357 357 35 35 54 35 35 35 352 3 35 35 35 35 35 35 35 35 35 35 35 35 35 35 35 35
287 56 359 359 56 56 13 13 311 311 311 13 13 57 57 57 363 57 57 13 65 13 65 65 65 65 65 65 65 65 65 65 65 65 65 65 65 65 65 65 5 65 5 5 5 65 65 65
287 56 359 359 359 359 13 13 311 311 311 107 57 57 107 107 107 57 57 57 65 57 65 65 65 65 65 65 65 65 65 65 65 65 65 65 65 65 65 65 5 288 5 5 5 288 288 288
287 56 359 359 56 56 13 13 13 13 13 13 57 57 57 57 57 57 57 57 8 57 8 8 8 8 8 8 8 8 8 8 8 8 8 8 8 8 8 8 8 8 8 8 8 8 8 8
287 56 14 14 56 56 13 13 13 13 13 13 57 57 57 57 363 57 57 57 8 57 8 8 8 8 8 8 8 8 8 8 8 8 8 8 8 8 8 8 8 8 8 8 8 8 8 8
287 56 14 14 56 56 13 13 13 13 13 13 57 57 57 57 57 57 57 57 8 57 8 8 8 8 8 8 8 8 8 8 8 8 8 8 8 8 8 8 8 8 8 8 8 8 8 8
287 56 14 14 56 56 13 13 13 347 347 347 347 347 347 347 347 347 347 347 347 347 347 347 347 347 347 347 347 347 347 347 347 347 347 347 347 347 347 347 347 23 347 347 347 347 347 347
287 56 14 14 56 56 13 13 13 13 13 13 13 357 357 357 363 357 357 13 13 56 357 357 35 35 56 35 35 35 56 3 35 35 35 35 35 35 35 35 35 35 35 35 35 35 35 35
287 56 14 14 56 56 325 325 325 325 325 325 325 322 322 322 322 322 322 325 325 56 322 322 322 322 56 322 56 56 56 322 325 56 56 56 56 56 56 12 56 325 56 56 56 56 56 56
287 56 14 14 56 56 325 45 45 325 325 325 325 357 357 357 54 357 357 54 54 56 357 54 357 357 54 357 56 54 352 12 336 56 56 56 56 56 12 12 12 12 12 12 12 357 357 357
287 56 14 14 349 349 13 13 13 13 13 13 13 344 344 344 363 344 344 13 13 13 20 13 357 357 13 13 13 13 13 20 13 13 13 13 13 13 13 13 13 13 13 13 13 343 343 343
287 56 14 14 56 56 49 45 45 347 347 347 347 357 357 357 349 357 357 349 349 56 349 349 35 35 56 35 35 35 56 66 35 35 35 35 35 35 35 35 35 35 35 35 35 35 35 35
287 56 14 14 56 56 49 45 45 347 347 347 347 347 347 347 347 347 347 347 347 347 347 347 347 347 347 347 347 347 347 347 347 347 347 347 347 347 347 347 347 44 347 347 347 347 347 347
287 56 14 14 349 349 49 45 45 347 347 347 347 347 347 347 347 347 347 347 347 347 347 347 347 347 347 347 347 347 347 347 347 347 347 347 347 347 347 347 347 44 347 347 347 347 347 347
287 56 14 14 349 349 49 45 45 49 49 49 49 49 49 49 49 49 49 70 70 70 53 70 52 52 52 52 52 70 70 52 70 52 52 70 70 70 70 52 70 52 70 70 70 70 70 70
287 56 14 14 349 349 49 45 45 49 49 49 49 49 49 49 49 49 49 70 70 70 53 70 52 52 52 52 52 70 70 52 70 52 52 70 70 70 70 52 70 52 70 70 70 70 70 70
287 56 14 14 349 349 49 45 45 49 49 49 49 344 344 344 349 344 344 349 349 349 349 349 349 349 349 349 349 34 34 349 34 68 68 34 34 34 34 34 34 349 34 34 34 34 34 34
287 56 14 14 349 349 13 13 13 13 13 13 13 344 344 344 363 344 344 13 13 13 20 13 345 345 13 13 13 13 13 20 13 13 13 13 13 13 13 13 13 13 13 13 13 343 343 343
287 56 14 14 349 349 13 13 13 13 13 13 13 344 344 344 363 344 344 13 13 13 20 13 345 345 13 13 13 13 13 20 13 13 13 13 13 13 13 13 13 13 13 13 13 24 24 24
287 56 14 14 56 56 13 13 13 13 13 13 57 57 57 57 57 57 57 57 8 57 8 8 8 8 8 8 8 8 8 8 8 8 8 8 8 8 8 8 8 8 8 8 8 8 8 8
287 56 14 14 349 349 13 45 45 347 347 347 347 347 347 347 347 347 347 347 347 347 347 347 347 347 347 347 347 347 347 347 347 347 347 347 347 347 347 347 347 23 347 347 347 347 347 347
287 56 14 14 349 349 13 13 13 13 13 13 13 344 344 344 349 344 344 349 349 349 349 349 349 349 349 349 349 24 24 349 24 24 24 24 24 24 24 24 24 46 24 24 24 24 24 24
287 56 14 14 349 349 49 45 45 49 49 49 49 49 49 49 349 49 49 349 349 349 349 349 349 349 349 349 349 34 34 349 34 45 45 45 45 45 45 34 45 349 45 45 45 45 45 45
287 56 14 14 349 349 49 45 45 49 49 49 49 49 49 49 49 49 49 349 349 349 349 349 52 52 52 52 52 34 34 52 34 52 52 34 34 34 34 52 34 52 34 34 34 34 34 33
287 56 14 14 349 349 49 45 45 49 49 49 49 49 49 49 49 49 49 54 54 42 53 54 35 35 54 35 35 35 34 3 35 35 35 35 35 35 35 35 35 35 35 35 35 35 35 35
287 56 14 14 56 56 325 325 325 325 325 325 325 322 322 322 322 322 322 325 325 56 322 322 322 322 56 322 56 56 56 12 325 56 56 56 56 56 56 12 56 325 56 56 56 56 56 56
287 56 14 14 56 56 325 325 325 325 325 325 325 322 322 322 322 322 322 325 65 56 65 65 65 65 65 65 65 65 65 65 65 65 65 65 65 65 65 65 37 65 37 37 37 65 65 65
287 56 359 359 359 359 359 359 304 304 304 359 359 359 106 106 106 319 319 319 319 319 319 304 304 304 304 304 304 304 304 304 304 304 304 304 304 304 304 304 304 304 304 304 304 304 304 304
287 56 359 359 359 359 359 359 311 311 311 359 359 359 106 106 106 300 300 300 300 300 300 300 300 300 300 300 300 300 300 300 300 300 300 300 300 329 300 297 329 329 329 329 329 329 329 329
287 56 14 14 56 56 49 45 45 347 347 347 347 357 357 357 349 357 357 349 349 42 357 357 357 357 56 357 35 35 352 12 336 45 45 45 45 45 45 12 45 12 45 45 45 45 45 45
287 56 14 14 349 349 49 45 45 49 49 49 49 49 49 49 349 49 49 349 349 349 349 349 349 349 349 349 349 34 34 349 34 45 45 34 34 34 34 34 34 349 34 34 34 34 34 33
287 56 14 14 349 349 49 45 45 49 49 49 49 49 49 49 349 49 49 349 349 349 349 349 349 349 349 349 349 34 34 349 34 68 68 34 34 34 34 34 34 349 34 34 34 34 34 34
287 56 14 14 349 349 49 45 45 49 49 49 49 49 49 49 349 49 49 349 349 42 349 349 35 35 349 35 35 35 352 3 35 35 35 35 35 35 35 35 35 35 35 35 35 35 35 35
287 56 14 14 56 56 325 325 325 325 325 325 325 322 322 322 322 322 322 325 325 322 322 322 322 322 322 322 322 322 322 322 325 322 322 322 326 326 326 326 326 326 326 326 326 326 326 326
287 56 14 14 56 56 325 325 325 325 325 325 325 322 322 322 322 322 322 325 65 56 65 65 65 65 65 65 65 65 65 65 65 65 65 65 65 65 65 65 37 65 37 37 37 65 65 65
287 56 14 14 56 56 325 325 325 325 325 325 325 357 357 357 54 357 357 325 325 56 357 54 357 357 56 357 56 56 56 66 325 56 56 56 56 56 56 38 56 325 56 56 56 56 56 56
287 56 359 359 56 56 325 325 325 325 325 325 325 322 322 322 322 322 322 325 325 322 322 322 322 322 322 322 322 322 322 322 325 322 322 322 56 56 56 326 56 325 56 322 322 56 56 56
287 56 14 14 56 56 325 325 325 325 325 325 325 357 357 357 363 357 357 325 325 56 357 357 357 357 56 357 56 56 56 12 325 56 56 56 56 56 56 12 56 325 56 56 56 56 56 56
287 56 14 14 56 56 13 13 13 13 13 13 13 357 357 357 363 357 357 13 13 13 357 13 357 357 13 13 13 13 13 12 13 13 13 13 13 13 13 13 13 13 13 13 13 357 357 357
287 56 14 14 56 56 49 45 45 49 49 49 49 49 49 49 54 49 49 54 54 42 55 54 35 35 54 35 35 35 352 3 35 35 35 35 35 35 35 35 35 35 35 35 35 35 35 35
287 56 359 359 359 359 325 325 325 325 325 325 325 322 322 322 322 319 319 319 319 319 319 319 319 319 319 319 319 319 319 319 319 319 319 319 326 326 326 326 326 326 326 326 326 326 326 326
287 56 14 14 56 56 325 45 45 347 347 347 347 347 347 347 347 347 347 347 347 347 347 347 347 347 347 347 347 347 347 347 347 347 347 347 347 347 347 347 347 44 347 347 347 347 347 347
287 56 14 14 349 349 49 45 45 49 49 49 49 49 49 49 349 49 49 349 349 349 349 349 349 349 349 349 349 35 352 349 336 45 45 45 45 45 45 35 45 349 45 45 45 45 45 45
287 56 14 14 349 349 13 13 13 13 13 13 13 344 344 344 349 344 344 13 13 13 20 13 345 345 13 13 13 24 24 20 24 24 24 24 24 24 24 24 24 46 24 24 24 24 24 24
287 56 14 14 349 349 13 13 13 13 13 13 13 344 344 344 349 344 344 349 349 349 349 349 349 349 349 349 349 24 24 349 24 24 24 24 24 24 24 24 24 349 24 24 24 24 24 24
287 56 14 14 349 349 49 45 45 49 49 49 49 49 49 49 49 49 49 70 70 70 53 70 52 52 52 52 52 34 34 52 34 52 52 34 34 34 34 34 34 52 34 34 34 34 34 34
287 56 14 14 349 349 49 45 45 49 49 49 49 49 49 49 49 49 49 70 70 70 53 70 74 74 74 74 74 70 70 74 70 52 52 70 70 70 70 74 70 74 70 70 70 70 70 70
287 56 14 14 56 56 325 45 45 347 347 347 347 347 347 347 347 347 347 347 347 347 347 347 347 347 347 347 347 347 347 347 347 347 347 347 347 347 347 347 347 44 347 347 347 347 347 347
287 56 14 14 349 349 13 45 45 347 347 347 347 347 347 347 347 347 347 347 347 347 347 347 347 347 347 347 347 347 347 347 347 347 347 347 347 347 347 347 347 23 347 347 347 347 347 347
287 56 14 14 349 349 49 45 45 49 49 49 49 49 49 49 49 49 49 70 70 70 53 70 52 52 52 52 52 70 70 52 70 52 52 70 70 70 70 52 70 52 70 70 70 70 70 70
287 56 14 14 349 349 49 45 45 49 49 49 49 49 49 49 49 49 49 70 70 70 53 70 74 74 74 74 74 70 70 74 70 75 75 70 70 70 70 74 70 74 70 70 70 70 70 70
287 56 14 14 56 56 325 325 325 325 325 325 325 357 357 357 54 357 357 54 54 42 55 54 357 357 54 357 56 54 55 12 336 56 56 56 56 56 12 12 12 12 12 12 12 357 357 357
287 56 14 14 56 56 325 45 45 325 325 325 325 357 357 357 54 357 357 54 54 42 55 54 35 35 54 35 56 54 55 12 76 56 56 76 76 76 76 12 76 12 76 76 76 76 76 76
287 56 14 14 56 56 325 325 325 325 325 325 325 357 357 357 54 357 357 325 325 56 357 357 357 357 56 357 56 56 56 66 325 56 56 56 56 56 56 38 56 325 56 56 56 56 56 56
287 56 14 14 56 56 13 13 13 13 13 13 57 57 57 57 57 57 57 57 8 57 8 8 8 8 8 8 8 8 8 8 8 8 8 8 8 8 8 8 8 8 8 8 8 8 8 8
287 56 14 14 56 56 325 325 325 347 347 347 347 347 347 347 347 347 347 347 347 56 55 347 347 347 56 347 56 56 56 66 347 56 56 56 56 56 56 347 37 44 37 37 37 56 56 56
287 56 14 14 56 56 325 325 325 325 325 325 325 322 322 322 54 322 322 54 54 42 55 54 35 35 54 35 35 54 55 3 76 75 75 76 76 76 76 38 76 294 76 76 76 76 76 76
287 56 359 359 359 359 359 359 325 325 325 359 359 359 322 322 322 319 319 319 319 319 319 319 319 319 319 319 319 319 319 319 319 319 319 319 63 329 63 88 62 329 293 293 293 293 293 293
287 56 359 359 56 56 325 325 325 325 325 325 325 322 322 322 322 322 322 325 325 322 322 322 322 322 322 322 322 322 322 322 323 323 323 323 323 323 323 323 323 294 323 323 323 323 323 323
287 56 359 359 359 359 359 359 304 304 304 359 359 359 84 84 84 84 84 84 84 84 84 304 304 304 304 304 304 304 304 304 304 304 304 304 63 329 63 297 62 329 329 329 329 329 329 329
287 56 359 359 359 359 325 325 325 325 325 325 325 322 322 322 322 322 322 325 325 322 322 322 322 322 322 322 322 322 322 322 323 322 322 322 63 329 63 297 329 329 329 329 329 329 329 329
287 56 359 359 359 359 359 359 325 325 325 359 359 359 322 322 322 319 319 319 319 319 319 319 319 319 319 319 319 319 319 319 319 319 319 319 319 359 359 326 329 329 329 329 329 329 329 329
287 56 359 359 56 56 325 325 311 311 311 107 57 57 57 57 57 57 57 57 65 57 65 65 65 65 65 65 65 65 65 65 65 65 65 65 65 65 65 65 37 65 37 37 37 65 65 65
287 56 14 14 56 56 325 325 325 325 325 325 325 322 322 322 322 322 322 325 325 56 322 322 322 322 56 322 56 56 56 66 325 56 56 56 56 56 56 38 56 325 56 56 56 56 56 56
287 56 14 14 56 56 49 45 45 49 49 49 49 49 49 49 54 49 49 54 54 42 55 54 74 74 74 74 74 54 55 74 35 45 45 45 45 45 45 74 45 74 45 45 45 45 45 45
287 56 14 14 349 349 13 45 45 13 13 13 13 344 344 344 349 344 344 349 349 349 349 349 349 349 349 349 349 34 34 349 34 68 68 34 34 34 34 34 34 349 34 34 34 34 34 34
287 56 14 14 349 349 49 45 45 49 49 49 49 49 49 49 49 49 49 70 70 70 53 70 52 52 52 52 52 70 70 52 70 52 52 70 70 70 70 52 70 52 70 70 70 70 70 70
287 56 14 14 349 349 49 45 45 49 49 49 49 49 49 49 49 49 49 70 70 70 53 70 52 52 52 52 52 70 70 52 70 52 52 70 70 70 70 52 70 52 70 70 70 70 70 70
287 56 14 14 349 349 49 45 45 347 347 347 347 347 347 347 349 347 347 349 349 349 349 349 349 349 349 349 349 34 34 349 71 68 68 71 72 72 71 71 71 72 72 72 72 72 72 72
287 56 14 14 349 349 13 45 45 347 347 347 347 347 347 347 347 347 347 347 347 347 347 347 347 347 347 347 347 347 347 347 71 347 347 71 72 72 71 71 71 72 72 72 72 72 72 72
287 56 14 14 349 349 49 45 45 49 49 49 49 49 49 49 49 49 49 70 70 70 53 70 74 74 74 74 74 70 70 74 70 75 75 70 70 70 70 74 70 74 70 70 70 70 70 70
287 56 14 14 349 349 49 45 45 49 49 49 49 49 49 49 49 49 49 70 70 70 53 70 74 74 74 74 74 70 70 74 70 75 75 70 70 70 70 74 70 74 70 70 70 70 70 70
287 56 14 14 349 349 49 45 45 49 49 49 49 49 49 49 49 49 49 70 70 70 53 70 74 74 74 74 74 70 70 74 76 75 75 76 76 76 76 74 76 74 76 76 76 76 76 76
287 56 14 14 56 56 49 325 325 49 49 49 49 49 49 49 54 49 49 54 54 42 55 54 74 74 54 74 74 54 55 74 76 75 75 76 76 76 76 74 76 74 76 76 76 76 76 76
287 56 14 14 56 56 325 325 325 325 325 325 325 322 322 322 322 322 322 325 325 56 322 322 322 322 56 322 56 56 56 66 325 56 56 56 56 56 56 38 56 294 293 293 293 293 293 293
287 56 359 359 56 56 325 325 311 311 311 325 57 57 57 57 57 57 57 57 65 57 65 65 65 65 65 65 65 65 65 65 65 65 65 65 65 65 65 65 37 65 37 37 37 65 65 65
287 56 359 359 56 56 325 325 325 325 325 325 325 322 322 322 322 300 300 300 300 300 300 300 300 300 300 300 300 300 300 300 300 300 300 300 300 300 300 297 300 300 300 300 300 300 300 300
287 56 359 359 359 359 359 359 304 304 304 84 84 84 84 84 84 84 84 108 108 108 108 108 108 108 108 108 108 108 108 108 108 108 108 108 108 108 108 297 62 108 108 108 108 108 108 108
287 236 359 113 113 113 113 259 259 259 95 84 84 84 84 84 84 84 84 84 84 84 84 84 95 95 84 84 84 84 84 84 84 84 84 84 84 84 84 86 84 84 84 84 84 84 84 84
287 236 359 113 113 113 113 259 259 259 259 84 84 84 84 84 84 84 84 84 84 84 84 84 259 259 84 84 84 84 84 84 84 93 93 93 93 93 93 82 84 84 93 93 93 93 93 93
287 236 359 113 113 113 113 259 259 259 259 84 84 84 84 84 84 84 84 84 84 84 84 84 118 118 84 84 84 84 84 84 84 84 84 84 84 84 84 82 84 84 84 84 84 84 84 84
287 236 359 113 113 113 113 259 304 304 304 84 84 84 84 84 84 84 84 84 84 84 84 84 118 118 84 84 84 84 84 84 84 84 84 84 84 84 84 86 84 84 84 84 84 84 84 84
287 236 359 113 113 113 113 259 259 259 259 84 84 84 84 84 84 84 84 84 84 84 84 84 259 259 84 84 84 84 84 84 84 84 84 84 84 84 84 86 84 84 84 84 84 84 84 84
287 236 359 113 113 113 113 259 259 259 259 84 84 84 84 84 84 84 84 84 84 84 84 84 259 259 84 84 84 84 84 84 84 84 84 84 84 84 84 86 84 84 84 84 84 84 84 84
287 236 128 113 113 113 113 259 259 259 259 259 259 259 259 259 259 259 259 259 259 259 259 259 259 259 259 259 259 259 259 259 259 93 93 93 93 93 93 86 252 259 93 93 93 93 93 93
287 236 359 359 359 359 359 359 304 304 304 84 84 84 84 84 84 84 84 84 84 84 84 84 118 118 84 84 84 84 84 84 84 84 84 84 84 84 84 88 84 84 84 84 84 84 84 84
287 56 359 359 359 359 359 359 311 311 311 107 308 308 107 107 107 90 90 90 90 90 90 90 90 90 90 90 90 90 90 90 90 90 90 90 90 108 108 89 89 89 89 89 89 119 119 119
287 56 359 359 359 359 359 359 311 311 311 107 308 308 107 107 107 90 90 90 90 90 90 90 90 90 90 90 90 90 90 90 90 90 90 90 90 120 120 120 120 120 120 120 120 120 120 120
287 236 359 113 113 113 113 259 259 259 259 259 259 259 259 259 259 259 259 259 259 259 259 259 259 259 259 259 259 259 259 259 259 93 93 93 93 93 93 101 91 91 93 93 93 91 91 91
287 236 128 113 113 113 113 259 259 259 259 259 259 259 259 259 259 259 259 259 259 259 259 259 259 259 259 259 259 259 259 259 259 93 93 93 93 93 93 82 91 91 93 93 93 93 93 93
287 236 128 113 113 113 113 259 259 259 259 259 259 259 259 259 259 259 259 259 259 259 259 259 259 259 259 259 259 259 259 259 259 93 93 93 93 93 93 86 252 259 93 93 93 93 93 93
287 236 128 113 113 113 113 259 259 259 95 95 95 95 95 95 95 95 95 95 95 95 95 95 95 95 95 95 95 95 95 95 95 95 95 259 259 259 259 82 259 259 259 259 259 259 259 259
287 236 128 113 113 113 113 259 259 259 95 95 95 95 95 95 95 95 95 95 95 95 95 95 95 95 95 95 95 95 95 95 95 95 95 98 98 98 98 98 98 98 98 98 98 98 98 98
287 236 359 113 113 113 113 359 304 304 95 95 95 95 95 95 95 95 95 95 95 95 95 95 95 95 95 95 95 95 95 95 95 95 95 104 104 104 104 104 104 104 104 104 104 104 104 104
287 236 128 113 113 113 113 259 259 259 95 95 95 95 95 95 95 95 95 95 95 95 95 95 95 95 95 95 95 95 95 95 95 95 95 104 104 104 104 104 104 104 104 104 104 104 104 104
287 236 128 113 113 113 113 259 259 259 95 95 95 95 95 95 95 95 95 95 95 95 95 95 95 95 95 95 95 95 95 95 95 95 95 98 98 98 98 98 98 98 98 98 98 98 98 98
287 236 359 113 113 113 113 238 238 238 238 238 238 238 257 257 257 257 257 257 257 257 257 257 257 257 257 257 257 257 257 257 257 257 257 257 257 257 257 270 257 257 270 270 270 270 270 270
287 236 359 113 113 113 113 259 304 304 304 84 84 84 84 84 84 84 84 84 84 84 84 84 304 304 84 84 84 84 84 84 84 84 84 84 84 84 84 304 84 84 84 84 84 84 84 84
287 236 359 113 113 113 113 259 259 259 95 107 308 308 107 107 107 84 84 108 108 108 108 108 108 108 108 108 108 108 108 108 108 108 108 108 108 108 108 101 91 91 108 108 108 91 91 91
287 236 359 113 113 113 113 259 304 304 95 95 95 95 95 95 95 95 95 95 95 95 95 95 95 95 95 95 95 95 95 95 95 95 95 98 98 98 98 98 98 98 98 98 98 98 98 98
287 236 128 113 113 113 113 259 259 259 95 95 95 95 95 95 95 95 95 95 95 95 95 95 95 95 95 95 95 95 95 95 95 95 95 104 104 104 104 104 104 104 104 104 104 104 104 104
287 236 128 113 113 113 113 259 259 259 95 95 95 95 95 95 95 95 95 95 95 95 95 95 95 95 95 95 95 95 95 95 95 95 95 104 104 104 104 104 104 104 104 104 104 104 104 104
287 236 359 113 113 113 113 359 304 304 304 95 95 95 95 95 95 95 95 95 95 95 95 304 304 304 304 304 304 304 304 304 304 304 304 304 304 304 304 304 304 304 304 304 304 304 304 304
287 56 359 359 359 359 359 359 304 304 304 359 359 359 106 106 106 319 319 319 319 319 319 304 304 304 304 304 304 304 304 304 304 304 304 304 304 359 359 304 304 304 304 304 304 304 304 304
287 56 359 359 359 359 359 359 311 311 311 107 359 359 107 107 107 300 300 300 300 300 300 300 300 300 300 300 300 300 300 300 300 300 300 300 300 300 300 107 300 300 300 300 300 300 300 300
287 56 359 359 359 359 359 359 304 304 304 84 84 84 84 84 84 84 84 108 108 108 108 108 108 108 108 108 108 108 108 108 108 108 108 108 108 108 108 297 62 108 108 108 108 108 108 108
287 56 359 359 359 359 359 359 311 311 311 359 359 359 106 106 106 319 319 319 319 319 319 319 319 319 319 319 319 319 319 319 319 319 319 319 319 359 359 107 62 329 293 293 293 293 293 293
287 56 359 359 56 56 325 325 325 325 325 325 325 322 322 322 322 322 322 325 325 322 322 322 322 322 322 322 322 322 322 322 323 323 323 323 323 323 323 323 323 294 323 323 323 323 323 323
287 56 359 359 359 359 359 359 304 304 304 84 84 84 84 84 84 300 300 108 108 108 108 108 108 108 108 108 108 108 108 108 108 108 108 108 108 108 108 297 62 108 108 108 108 108 108 108
287 236 359 113 113 113 113 259 259 259 259 259 259 259 259 259 259 259 259 259 259 259 259 259 118 118 259 259 259 259 259 259 259 259 259 259 259 259 259 259 259 259 259 259 259 259 259 259
287 236 128 113 113 113 113 259 259 259 259 259 259 259 259 259 259 259 259 259 259 259 259 259 259 259 259 259 259 259 259 259 259 259 259 259 259 259 259 259 259 259 259 259 259 259 259 259
287 236 128 113 113 113 113 259 259 259 259 259 259 259 259 259 259 259 259 259 259 259 259 259 259 259 259 259 259 259 259 259 259 259 259 259 259 259 259 259 259 259 259 259 259 259 259 259
287 236 128 113 113 113 113 259 259 259 95 95 95 95 95 95 95 95 95 95 95 95 95 95 95 95 95 95 95 95 95 95 95 95 95 98 98 98 98 98 98 98 98 98 98 98 98 98
287 236 128 113 113 113 113 238 238 238 238 238 238 238 257 257 257 257 257 257 257 257 257 257 257 257 257 238 238 238 238 238 238 238 238 238 238 238 238 238 238 238 238 238 238 238 238 238
287 236 128 113 113 113 113 259 259 259 259 259 259 259 259 259 259 259 259 259 259 259 259 259 259 259 259 259 259 259 259 259 259 259 259 259 259 259 259 259 259 259 259 259 259 259 259 259
287 236 359 359 359 359 359 259 259 259 259 84 84 84 84 84 84 84 84 84 84 84 84 84 118 118 131 131 131 131 131 131 131 131 131 131 131 131 131 131 131 131 131 131 131 131 131 131
287 236 359 359 359 359 359 359 311 311 311 107 308 308 107 107 107 90 90 90 90 90 90 90 90 90 90 90 90 90 90 90 90 90 90 90 90 120 120 89 89 89 89 89 89 119 119 119
287 236 359 113 113 113 113 259 311 311 311 107 308 308 257 257 257 90 90 90 90 90 90 90 90 90 90 90 90 90 90 90 90 90 90 90 90 120 120 120 120 120 120 120 120 120 120 120
287 236 128 113 113 113 113 259 259 259 259 259 259 259 259 259 259 259 259 259 259 259 259 259 259 259 259 259 259 259 259 259 259 259 259 259 259 259 259 259 259 259 259 259 259 259 259 259
287 236 128 113 113 113 113 259 259 259 95 95 95 95 95 95 95 95 95 95 95 95 95 95 95 95 95 95 95 95 95 95 95 95 95 98 98 98 98 98 98 98 98 98 98 98 98 98
287 236 128 113 113 113 113 259 259 259 259 259 259 259 248 248 248 248 248 248 248 248 248 248 248 248 248 248 248 248 248 248 248 248 248 104 104 104 104 104 104 104 104 104 104 104 104 104
287 236 128 113 113 113 113 259 259 259 259 259 259 259 259 259 259 259 261 259 259 259 259 259 259 259 131 131 131 131 131 131 131 131 131 131 131 131 131 131 131 131 131 131 131 131 131 131
287 236 128 113 113 113 113 259 259 259 259 259 259 259 259 259 259 259 259 259 259 259 259 259 259 259 259 259 259 259 259 259 259 259 259 259 259 259 259 259 259 259 259 259 259 259 259 259
287 236 128 113 113 113 113 259 259 259 95 95 308 308 257 257 257 257 257 257 257 257 257 257 257 257 257 257 257 257 257 257 257 257 257 98 98 98 98 98 98 98 98 98 98 98 98 98
287 236 128 113 113 113 113 238 238 238 238 238 238 238 248 248 248 248 248 248 248 248 248 248 248 248 248 248 248 248 248 248 248 248 248 248 248 248 248 248 248 238 248 248 248 238 238 238
287 236 128 191 191 209 209 238 238 238 238 238 238 238 248 248 248 248 248 248 248 248 248 248 248 248 248 248 248 248 248 248 248 248 248 248 248 248 248 248 248 235 248 248 248 235 235 235
287 236 128 191 191 209 209 238 238 238 238 238 238 238 248 248 248 248 248 248 248 216 216 216 216 216 216 216 248 226 187 187 226 226 226 226 187 187 226 248 187 187 226 226 226 187 187 187
287 236 128 191 191 209 209 209 209 209 209 209 209 209 248 217 217 217 217 217 217 216 216 216 216 216 216 216 216 226 226 226 226 226 226 226 226 226 226 190 226 249 226 226 226 249 249 249
287 236 128 113 113 113 113 259 259 259 259 84 84 84 84 84 84 84 261 84 84 84 84 84 118 118 131 131 131 131 131 131 131 131 131 131 131 131 131 131 131 131 131 131 131 131 131 131
287 236 359 113 113 113 113 259 259 259 259 84 84 84 84 84 84 84 84 108 108 108 108 108 108 108 131 131 131 131 131 131 131 131 131 131 131 131 131 131 131 131 131 131 131 131 131 131
287 236 359 359 359 359 359 359 304 304 304 107 359 359 107 107 107 300 300 300 300 300 300 304 304 304 304 304 304 304 304 304 304 304 304 304 304 304 304 304 304 304 304 304 304 304 304 304
287 56 359 359 359 359 359 359 311 311 311 107 308 308 107 107 107 90 90 90 90 90 90 90 90 90 90 90 90 90 90 90 90 90 90 90 90 120 120 120 120 120 120 120 120 120 120 120
287 236 128 113 113 113 113 259 259 259 259 84 84 84 84 84 84 84 261 108 108 108 108 108 118 118 131 131 131 131 131 131 131 131 131 131 131 131 131 131 131 131 131 131 131 131 131 131
287 236 128 113 113 113 113 259 259 259 259 259 259 259 259 259 259 259 259 259 259 259 259 259 259 259 259 259 259 259 259 259 259 259 259 259 259 259 259 259 259 259 259 259 259 259 259 259
287 236 128 113 113 113 113 238 238 238 238 238 238 238 257 257 257 257 257 257 257 257 257 257 257 257 257 257 257 257 257 257 257 257 257 257 257 257 257 270 257 257 270 270 270 270 270 270
287 236 128 191 191 209 209 209 209 209 209 209 209 209 209 209 209 209 209 209 209 209 209 209 209 209 209 209 145 209 145 145 145 145 145 145 145 145 145 200 145 235 145 145 145 145 145 145
287 236 128 191 191 113 113 259 259 259 259 259 259 259 248 248 248 248 248 248 248 248 248 248 248 248 190 190 190 190 190 190 190 190 190 190 190 190 190 190 190 190 190 190 190 190 190 190
287 236 128 191 191 113 113 259 259 259 259 259 259 259 259 259 259 259 259 259 259 259 259 259 259 259 259 259 259 259 259 259 259 259 259 259 259 259 259 259 259 259 259 259 259 259 259 259
287 236 128 191 191 156 156 238 238 238 238 238 238 238 257 257 257 257 257 257 257 257 257 257 257 257 190 238 238 238 238 238 238 238 238 238 238 238 238 238 238 238 238 238 238 238 238 238
287 236 128 191 191 156 156 156 156 156 156 156 156 156 156 188 188 188 188 188 188 188 188 188 188 188 190 190 190 190 190 190 190 190 190 190 190 190 190 190 190 190 190 190 190 190 190 190
287 236 128 191 191 209 209 209 209 209 209 209 209 209 209 217 217 217 217 217 217 216 216 216 216 216 216 216 216 216 187 187 216 216 216 216 187 187 216 215 187 187 191 191 191 187 187 187
287 236 128 191 191 156 156 156 156 156 156 156 156 156 248 248 248 248 248 248 248 248 248 248 248 248 190 190 190 190 190 190 190 190 190 190 190 190 190 190 190 190 190 190 190 190 190 190
287 236 128 191 191 209 209 209 209 209 209 209 209 209 209 209 209 209 209 209 209 209 209 209 209 209 209 209 145 209 145 145 145 145 145 145 145 145 145 200 145 146 145 145 145 145 145 145
287 236 128 191 191 209 209 209 209 209 209 209 209 209 209 209 209 209 209 209 209 209 209 209 209 209 209 209 145 209 145 145 145 145 145 145 145 145 145 200 145 146 145 145 145 145 145 145
287 236 128 191 191 209 209 209 209 209 209 209 209 209 209 209 209 209 209 209 209 181 181 181 181 181 181 181 181 181 181 181 181 181 181 181 181 181 181 223 181 168 181 181 181 181 181 181
287 236 128 191 191 209 209 209 209 209 209 209 209 209 209 209 209 209 209 209 209 209 209 209 209 209 209 209 209 209 181 181 181 181 181 181 181 181 181 209 181 168 191 191 191 209 170 170
287 236 128 191 191 209 209 209 209 209 209 209 209 209 209 217 217 217 217 217 217 181 181 181 181 181 181 181 181 181 181 181 181 181 181 181 181 181 181 215 181 168 181 181 181 181 181 181
287 236 128 191 191 209 209 209 209 209 209 209 209 209 209 217 217 217 217 217 217 181 181 181 181 181 181 181 181 181 181 181 181 181 181 181 181 181 181 215 181 168 181 181 181 181 181 181
287 236 128 191 191 209 209 209 209 209 209 209 209 209 209 209 209 209 209 209 209 209 209 209 209 209 209 209 209 209 181 181 181 181 181 181 181 181 181 209 181 146 181 181 181 209 209 209
287 236 128 191 191 209 209 209 209 209 209 209 209 209 209 209 209 209 209 209 209 209 209 209 209 209 209 209 209 209 145 235 145 145 145 145 145 145 145 209 145 235 235 235 235 209 209 209
287 236 128 191 191 156 156 156 156 156 156 156 156 156 156 188 188 188 188 188 188 188 188 188 188 188 190 190 190 190 190 190 190 190 190 190 190 190 190 156 190 190 190 190 190 190 190 190
287 236 128 191 191 209 209 209 209 209 209 209 209 209 209 217 217 217 217 217 217 181 181 181 181 181 181 181 181 181 181 181 181 181 181 181 181 181 181 215 181 168 181 181 181 181 181 181
287 236 128 191 191 156 156 156 156 156 156 156 156 156 156 188 188 188 188 188 188 188 188 188 188 188 188 188 188 188 188 188 188 188 188 188 188 188 188 156 188 188 188 188 188 188 188 188
287 236 128 191 191 156 156 156 156 156 156 156 156 156 156 188 188 188 188 188 188 188 188 188 188 188 188 188 188 188 188 188 188 188 188 188 188 188 188 156 188 188 188 188 188 188 188 188
287 236 128 191 191 156 156 156 156 156 156 156 156 156 156 217 217 217 217 217 217 181 181 181 181 181 181 181 181 181 181 181 181 181 181 181 181 181 181 215 181 190 181 181 181 181 181 181
287 236 128 191 191 156 156 156 156 156 156 156 156 156 156 188 188 188 188 188 188 188 188 188 188 188 188 188 188 188 188 188 188 188 188 188 188 188 188 156 188 188 188 188 188 188 188 188
287 236 128 191 191 156 156 156 156 156 156 156 156 156 156 217 217 217 217 217 217 181 181 181 181 181 190 190 190 190 190 190 190 190 190 190 190 190 190 156 190 190 190 190 190 190 190 190
287 236 128 191 191 156 156 156 156 156 156 156 156 156 156 188 188 188 188 188 188 188 188 188 188 188 188 188 188 188 188 188 188 188 188 188 188 188 188 156 188 188 188 188 188 188 188 188
287 236 128 191 191 156 156 156 156 156 156 156 156 156 156 217 217 217 217 217 217 216 216 216 216 216 216 216 216 216 187 187 216 216 216 216 187 187 216 156 187 187 185 185 185 185 185 185
287 236 128 191 191 156 156 156 156 156 156 156 156 156 156 217 217 217 217 217 217 216 216 216 216 216 216 216 216 216 187 187 216 216 216 216 187 187 216 156 187 187 185 185 185 185 185 185
287 236 128 191 191 156 156 156 156 156 156 156 156 156 156 217 217 217 217 217 217 216 216 216 216 216 216 216 216 216 187 187 216 216 216 216 187 187 216 156 187 187 185 185 185 185 185 185
287 236 128 191 191 156 156 156 156 156 156 156 156 156 156 188 188 188 188 188 188 188 188 188 188 188 188 188 188 188 188 188 188 188 188 188 188 188 188 156 188 188 188 188 188 188 188 188
287 236 128 191 191 156 156 156 156 156 156 156 156 156 156 217 217 217 217 217 217 216 216 216 216 216 216 216 216 216 187 187 216 216 216 216 187 187 216 156 187 187 185 185 185 185 185 185
287 236 128 191 191 209 209 209 209 209 209 209 209 209 209 217 217 217 217 217 217 181 181 181 181 181 181 181 181 181 181 181 181 181 181 181 181 181 181 215 181 168 181 181 181 181 181 181
287 236 128 191 191 209 209 209 209 209 209 209 209 209 209 217 217 217 217 217 217 181 181 181 181 181 181 181 181 181 181 181 181 181 181 181 181 181 181 215 181 168 181 181 181 181 181 181
287 236 128 191 191 209 209 209 209 209 209 209 209 209 209 209 209 209 209 209 209 181 181 181 181 181 181 181 181 181 181 181 181 181 181 181 181 181 181 215 181 168 181 181 181 181 181 181
287 236 128 191 191 209 209 209 209 209 209 209 209 209 209 209 209 209 209 209 209 181 181 181 181 181 181 181 181 181 181 181 181 181 181 181 181 181 181 209 181 168 191 191 191 181 181 181
287 236 128 191 191 209 209 209 209 209 209 209 209 209 209 209 209 209 209 209 209 209 209 209 209 209 209 209 209 209 145 145 145 145 145 145 145 145 145 209 145 168 191 191 191 209 170 170
287 236 128 191 191 209 209 209 209 209 209 209 209 209 209 217 217 217 217 217 217 216 216 216 216 216 216 216 216 216 187 187 216 216 216 216 187 187 216 215 187 187 191 191 191 187 187 187
287 236 128 191 191 156 156 156 156 156 156 156 156 156 156 188 188 188 188 188 188 188 188 188 188 188 188 188 188 188 188 188 188 188 188 188 188 188 188 156 188 188 185 185 185 185 185 185
287 236 128 191 191 209 209 209 209 209 209 209 209 209 209 209 209 209 209 209 209 209 209 209 209 209 209 209 145 209 145 145 145 145 145 145 145 145 145 200 145 146 145 145 145 145 145 145
287 236 128 191 191 209 209 209 209 209 209 209 209 209 209 209 209 209 209 209 209 209 209 209 209 209 209 209 209 209 181 223 181 181 181 181 181 181 181 223 181 223 223 223 223 209 209 209
287 236 128 191 191 209 209 209 209 209 209 209 209 209 209 209 209 209 209 209 209 209 209 209 209 209 209 209 209 209 230 223 231 230 230 230 230 230 230 223 230 223 223 223 223 209 209 209
287 236 128 191 191 209 209 259 259 259 259 259 259 259 259 259 259 259 259 259 259 259 259 259 259 259 259 259 145 259 145 145 145 145 145 145 145 145 145 259 145 259 145 145 145 145 170 170
287 236 128 113 113 113 113 238 238 238 238 238 238 238 257 257 257 257 257 257 257 257 257 257 257 257 257 238 238 238 238 238 238 238 238 238 238 238 238 238 238 238 238 238 238 238 238 238
287 236 128 113 113 156 156 156 156 156 156 156 156 156 248 188 188 188 188 188 188 188 188 188 188 188 188 188 188 188 188 188 188 188 188 188 188 188 188 190 188 188 188 188 188 188 188 188
287 236 128 191 191 209 209 209 209 209 209 209 209 209 209 209 209 209 209 209 209 209 209 209 209 209 209 209 209 209 226 226 226 226 226 226 226 226 226 209 226 226 226 226 226 209 209 209
287 236 128 191 191 209 209 209 209 209 209 209 209 209 209 209 209 209 209 209 209 209 209 209 209 209 209 209 209 209 226 226 226 226 226 226 226 226 226 209 226 226 226 226 226 209 209 209
287 236 128 191 191 209 209 209 209 209 209 209 209 209 209 217 217 217 217 217 217 181 181 181 181 181 181 181 181 181 181 181 181 181 181 181 181 181 181 215 181 168 181 181 181 181 181 181
287 236 128 191 191 209 209 209 209 209 209 209 209 209 209 217 217 217 217 217 217 181 181 181 181 181 181 181 181 181 181 181 181 181 181 181 181 181 181 215 181 168 181 181 181 181 181 181
287 236 128 191 191 156 156 156 156 156 156 156 156 156 156 188 188 188 188 188 188 188 188 188 188 188 188 188 188 188 188 188 188 188 188 188 188 188 188 156 188 188 188 188 188 188 188 188
287 236 128 191 191 156 156 156 156 156 156 156 156 156 156 188 188 188 188 188 188 188 188 188 188 188 188 188 188 188 188 188 188 188 188 188 188 188 188 156 188 188 188 188 188 188 188 188
287 236 128 191 191 156 156 156 156 156 156 156 156 156 156 217 217 217 217 217 217 216 216 216 216 216 216 216 216 216 187 187 216 216 216 216 187 187 216 156 187 187 185 185 185 185 185 185
287 236 128 191 191 156 156 156 156 156 156 156 156 156 156 217 217 217 217 217 217 216 216 216 216 216 216 216 216 216 187 187 216 216 216 216 187 187 216 215 187 187 185 185 185 185 185 185
287 236 128 191 191 156 156 156 156 156 156 156 156 156 156 217 217 217 217 217 217 216 216 216 216 216 216 216 216 216 187 187 216 216 216 216 187 187 216 215 187 187 191 191 191 187 187 187
287 236 128 191 191 156 156 156 156 156 156 156 156 156 156 188 188 188 188 188 188 188 188 188 188 188 188 188 188 188 188 188 188 188 188 188 188 188 188 156 188 188 188 188 188 188 188 188
287 236 128 191 191 209 209 209 209 209 209 209 209 209 209 217 217 217 217 217 217 181 181 181 181 181 181 181 181 181 181 181 181 181 181 181 181 181 181 215 181 168 181 181 181 181 181 181
287 236 128 191 191 156 156 156 156 156 156 156 156 156 156 217 217 217 217 217 217 216 216 216 216 216 190 190 190 190 190 190 190 190 190 190 190 190 190 190 190 190 190 190 190 190 190 190
287 236 128 191 191 209 209 209 209 209 209 209 209 209 209 209 209 209 209 209 209 209 209 209 209 209 209 209 209 209 181 181 181 181 181 181 181 181 181 209 181 168 191 191 191 209 209 209
287 236 128 191 191 156 156 156 156 156 156 156 156 156 156 217 217 217 217 217 217 216 216 216 216 216 216 216 216 216 187 187 216 216 216 216 187 187 216 215 187 187 185 185 185 187 187 187
287 236 128 191 191 156 156 156 156 156 156 156 156 156 156 217 217 217 217 217 217 216 216 216 216 216 190 190 190 190 190 190 190 190 190 190 190 190 190 190 190 190 185 185 185 185 185 185
287 236 128 191 191 209 209 259 259 259 259 259 259 259 259 259 259 259 259 259 259 259 259 259 259 259 259 259 259 259 259 235 259 259 259 259 259 259 259 235 259 235 235 235 235 235 235 235
287 236 128 191 191 156 156 238 238 238 238 238 238 238 248 248 248 248 248 248 248 248 248 248 248 248 248 238 238 238 238 238 238 238 238 238 238 238 238 238 238 238 238 238 238 238 238 238
287 236 128 191 191 156 156 238 238 238 238 238 238 238 156 217 217 217 217 217 217 181 181 181 181 181 190 190 190 190 190 190 190 190 190 190 190 190 190 190 190 190 190 190 190 190 190 190
287 236 128 191 191 156 156 156 156 156 156 156 156 156 156 217 217 217 217 217 217 216 216 216 216 216 190 190 190 190 190 190 190 190 190 190 190 190 190 190 190 190 190 190 190 190 190 190
287 236 128 191 191 209 209 209 209 209 209 209 209 209 209 209 209 209 209 209 209 181 181 181 181 181 181 181 181 181 181 181 181 181 181 181 181 181 181 223 181 223 181 181 181 181 181 181
287 236 128 191 191 209 209 209 209 209 209 209 209 209 209 209 209 209 209 209 209 181 181 181 181 181 181 181 145 181 145 223 145 145 145 145 145 145 145 200 145 146 223 223 223 145 145 145
287 236 128 191 191 209 209 209 209 209 209 209 209 209 209 209 209 209 209 209 209 209 209 209 209 209 209 209 145 209 145 145 145 145 145 145 145 145 145 200 145 146 145 145 145 145 145 145
287 236 128 191 191 209 209 209 209 209 209 209 209 209 209 209 209 209 209 209 209 209 209 209 209 209 190 190 145 190 145 145 145 145 145 145 145 145 145 190 145 190 191 191 191 145 145 145
287 236 128 191 191 156 156 156 156 156 156 156 156 156 156 188 188 188 188 188 188 188 188 188 188 188 188 188 188 188 188 188 188 188 188 188 188 188 188 156 188 188 188 188 188 188 188 188
287 236 128 191 191 156 156 156 156 156 156 156 156 156 156 188 188 188 188 188 188 188 188 188 188 188 188 188 188 188 188 188 188 188 188 188 188 188 188 156 188 188 188 188 188 188 188 188
287 236 128 191 191 209 209 209 209 209 209 209 209 209 209 217 217 217 217 217 217 181 181 181 181 181 181 181 181 181 181 181 181 181 181 181 181 181 181 190 181 190 181 181 181 181 181 181
287 236 128 191 191 209 209 209 209 209 209 209 209 209 209 209 209 209 209 209 209 181 181 181 181 181 181 181 181 181 181 181 181 181 181 181 181 181 181 223 181 223 181 181 181 181 181 181
287 236 128 191 191 209 209 209 209 209 209 209 209 209 209 209 209 209 209 209 209 209 209 209 209 209 209 209 209 226 226 226 226 226 226 226 226 226 226 209 226 226 226 226 226 226 226 226
287 236 128 191 191 209 209 209 209 209 209 209 209 209 209 209 209 209 209 209 209 209 209 209 209 209 209 209 209 226 226 226 226 226 226 226 226 226 226 209 226 226 226 226 226 226 226 226
287 236 128 191 191 209 209 209 209 209 209 209 209 209 209 209 209 209 209 209 209 209 209 209 209 209 209 209 209 209 230 223 231 230 230 230 230 230 230 209 230 168 191 191 191 209 209 209
287 236 128 191 191 209 209 209 209 209 209 209 209 209 209 209 209 209 209 209 209 209 209 209 209 209 209 209 209 209 226 223 226 226 226 226 226 226 226 209 226 223 191 191 191 209 209 209
287 236 128 191 191 156 156 156 156 156 156 156 156 156 156 188 188 188 188 188 188 188 188 188 188 188 188 188 188 188 188 188 188 188 188 188 188 188 188 156 188 188 188 188 188 188 188 188
287 236 128 191 191 156 156 156 156 156 156 156 156 156 156 188 188 188 188 188 188 216 216 216 216 216 216 216 216 216 187 187 216 216 216 216 187 187 216 156 187 187 188 188 188 187 187 187
287 236 128 191 191 209 209 209 209 209 209 209 209 209 209 217 217 217 217 217 217 209 209 209 209 209 209 209 209 226 226 226 226 226 226 226 226 226 226 215 226 226 226 226 226 226 226 226
287 236 128 191 191 209 209 209 209 209 209 209 209 209 209 209 209 209 209 209 209 209 209 209 209 209 209 209 209 209 181 181 181 181 181 181 181 181 181 215 181 168 181 181 181 209 209 209
287 236 128 191 191 209 209 209 209 209 209 209 209 209 209 217 217 217 217 217 217 181 181 181 181 181 181 181 181 181 181 181 181 181 181 181 181 181 181 215 181 168 181 181 181 181 181 181
287 236 128 191 191 209 209 209 209 209 209 209 209 209 209 217 217 217 217 217 217 216 216 216 216 216 216 216 216 216 187 187 216 216 216 216 187 187 216 215 187 187 191 191 191 187 187 187
287 236 128 191 191 156 156 156 156 156 156 156 156 156 156 217 217 217 217 217 217 216 216 216 216 216 216 216 216 216 187 187 216 216 216 216 187 187 216 215 187 187 185 185 185 187 187 187
287 236 128 191 191 156 156 156 156 156 156 156 156 156 156 217 217 217 217 217 217 216 216 216 216 216 216 216 216 216 187 187 216 216 216 216 187 187 216 215 187 187 191 191 191 187 187 187
287 236 128 191 191 156 156 156 156 156 156 156 156 156 156 217 217 217 217 217 217 188 188 188 188 188 190 190 190 190 190 190 190 190 190 190 190 190 190 190 190 190 190 190 190 190 190 190
287 236 128 191 191 156 156 156 156 156 156 156 156 156 156 188 188 188 188 188 188 188 188 188 188 188 188 188 188 188 188 188 188 188 188 188 188 188 188 156 188 188 188 188 188 188 188 188
287 236 128 191 191 209 209 209 209 209 209 209 209 209 209 209 209 209 209 209 209 209 209 209 209 209 209 209 209 209 226 226 226 226 226 226 226 226 226 209 226 226 191 191 191 209 209 209
287 236 128 191 191 209 209 209 209 209 209 209 209 209 209 209 209 209 209 209 209 209 209 209 209 209 209 209 209 209 230 223 231 230 230 230 230 230 230 223 230 223 223 223 223 209 209 209
287 236 128 191 191 209 209 209 209 209 209 209 209 209 209 209 209 209 209 209 209 209 209 209 209 209 209 209 209 226 226 223 226 226 226 226 226 226 226 223 226 223 223 223 223 226 226 226
287 236 128 191 191 209 209 209 209 209 209 209 209 209 209 209 209 209 209 209 209 209 209 209 209 209 209 209 209 209 230 223 231 230 230 230 230 230 230 223 230 223 223 223 223 209 209 209
287 236 128 191 191 209 209 209 209 209 209 209 209 209 209 209 209 209 209 209 209 209 209 209 209 209 209 209 209 209 230 223 231 230 230 230 230 230 230 223 230 223 223 223 223 209 209 209
287 236 128 191 191 209 209 209 209 209 209 209 209 209 209 209 209 209 209 209 209 209 209 209 209 209 209 209 209 209 230 223 231 230 230 230 230 230 230 223 230 223 223 223 223 209 209 209
287 236 128 191 191 209 209 209 209 209 209 209 209 209 209 209 209 209 209 209 209 209 209 209 209 209 209 209 209 226 226 226 226 226 226 226 226 226 226 209 226 226 226 226 226 226 226 226
287 236 128 191 191 209 209 209 209 209 209 209 209 209 209 209 209 209 209 209 209 209 209 209 209 209 209 209 209 226 226 226 226 226 226 226 226 226 226 209 226 226 226 226 226 226 226 226
287 236 128 191 191 209 209 209 209 209 209 209 209 209 209 209 209 209 209 209 209 209 209 209 209 265 209 209 209 226 226 223 226 226 226 226 226 226 226 223 226 223 223 223 223 226 226 226
287 236 128 191 191 209 209 209 209 209 209 209 209 209 248 248 248 248 248 248 248 248 248 248 248 248 248 248 248 248 248 248 248 248 248 248 248 248 248 248 248 235 248 248 248 235 235 235
287 236 128 191 191 209 209 209 209 209 209 209 209 209 209 209 209 209 209 209 209 209 209 209 209 209 209 209 209 209 230 235 231 230 230 230 230 230 230 235 230 235 235 235 235 235 235 235
287 236 128 191 191 209 209 209 209 209 209 209 209 209 209 209 209 209 209 209 209 209 209 209 209 209 209 209 209 209 230 223 231 230 230 230 230 230 230 223 230 223 223 223 223 235 235 235
287 236 128 191 191 209 209 209 209 209 209 209 209 209 209 209 209 209 209 209 209 209 209 209 209 209 209 209 209 209 230 223 231 230 230 230 230 230 230 223 230 223 223 223 223 209 209 209
287 236 128 191 191 209 209 209 209 209 209 209 209 209 209 209 209 209 209 209 209 209 209 209 209 209 209 209 209 226 226 226 226 226 226 226 226 226 226 209 226 226 226 226 226 226 226 226
287 236 128 191 191 209 209 209 209 209 209 209 209 209 209 209 209 209 209 209 209 209 209 209 209 209 209 209 209 209 226 226 226 226 226 226 226 226 226 209 226 226 226 226 226 209 209 209
287 236 128 191 191 209 209 259 259 259 259 259 259 259 259 259 259 259 259 259 259 259 259 259 259 259 259 259 259 259 230 235 231 230 230 230 230 230 230 235 230 235 235 235 235 235 235 235
287 236 128 113 113 113 113 238 238 238 238 238 238 238 248 248 248 248 248 248 248 248 248 248 248 248 248 248 248 248 248 248 248 248 248 248 248 248 248 248 248 249 248 248 248 249 249 249
287 236 128 113 113 113 113 238 238 238 238 238 238 238 248 248 248 248 248 248 248 248 248 248 248 248 248 238 238 238 238 238 238 238 238 238 238 238 238 238 238 238 238 238 238 238 238 238
287 236 128 113 113 113 113 238 238 238 238 238 238 238 248 248 248 248 248 248 248 248 248 248 248 248 248 238 238 238 238 238 238 238 238 238 238 238 238 238 238 238 238 238 238 238 238 238
287 236 128 113 113 113 113 238 238 238 238 238 238 238 257 257 257 257 257 257 257 257 257 257 257 257 257 238 238 238 238 238 238 238 238 238 238 238 238 238 238 238 238 238 238 238 238 238
287 236 128 191 191 209 209 209 209 209 209 209 209 209 209 209 209 209 209 209 209 209 209 209 209 209 209 209 209 209 230 223 231 230 230 230 230 230 230 223 230 223 223 223 223 209 209 209
287 236 128 191 191 209 209 209 209 209 209 209 209 209 209 209 209 209 209 209 209 209 209 209 209 209 209 209 209 226 226 226 226 226 226 226 226 226 226 209 226 226 226 226 226 226 226 226
287 236 128 191 191 209 209 209 209 209 209 209 209 209 209 209 209 209 209 209 209 209 209 209 209 209 209 209 209 209 230 235 231 230 230 230 230 230 230 235 230 235 235 235 235 235 235 235
287 236 128 113 113 113 113 238 238 238 238 238 238 238 248 248 248 248 248 248 248 248 248 248 248 248 248 248 248 248 248 248 248 248 248 248 248 248 248 248 248 278 248 248 248 278 278 278
287 236 128 113 113 156 156 238 238 238 238 238 238 238 156 188 188 188 188 188 188 188 188 188 188 188 188 188 188 188 188 188 188 188 188 188 188 188 188 245 188 188 188 188 188 188 188 188
287 236 128 113 113 156 156 238 238 238 238 238 238 238 248 188 188 188 188 188 188 188 188 188 188 188 188 188 188 188 188 188 188 188 188 188 188 188 188 245 188 188 188 188 188 188 188 188
287 236 128 191 191 209 209 209 209 209 209 209 209 209 248 217 217 217 217 217 217 216 216 216 216 216 216 216 216 226 226 226 226 226 226 226 226 226 226 248 226 226 226 226 226 226 226 226
287 236 128 113 113 156 156 238 238 238 238 238 238 238 248 188 188 188 188 188 188 188 188 188 188 188 188 188 188 188 188 188 188 188 188 188 188 188 188 245 188 188 188 188 188 188 188 188
287 236 128 113 113 113 113 238 238 238 238 238 238 238 248 248 248 248 248 248 248 248 248 248 248 248 248 248 248 248 248 248 248 248 248 248 248 248 248 248 248 249 248 248 248 249 249 249
287 236 128 113 113 113 113 238 238 238 238 238 238 238 248 248 248 248 248 248 248 248 248 248 248 248 248 248 248 248 248 248 248 248 248 248 248 248 248 248 248 249 248 248 248 249 249 249
287 236 128 113 113 113 113 259 259 259 259 259 259 259 259 259 259 259 259 259 259 259 259 259 259 259 259 259 259 259 259 259 259 259 259 259 259 259 259 259 259 259 259 259 259 259 259 259
287 236 128 113 113 113 113 259 259 259 259 259 259 259 259 259 259 259 259 259 259 259 259 259 259 259 259 259 259 259 259 235 259 93 93 93 93 93 93 235 252 235 235 235 235 235 235 235
287 236 128 113 113 113 113 259 259 259 259 259 259 259 259 259 259 259 261 259 259 259 259 259 259 259 259 259 259 259 259 235 259 93 93 93 93 93 93 235 252 235 235 235 235 235 235 235
287 236 128 191 191 209 209 209 209 209 209 209 209 209 209 209 209 209 209 209 209 209 209 209 209 209 209 209 209 209 230 235 231 230 230 230 230 230 230 235 230 235 235 235 235 235 235 235
287 236 128 191 191 209 209 209 209 209 209 209 209 209 209 209 209 209 209 209 209 209 209 209 209 209 209 209 209 226 226 226 226 226 226 226 226 226 226 209 226 226 226 226 226 226 226 226
287 236 128 113 113 113 113 259 259 259 259 259 259 259 248 248 248 248 248 248 248 248 248 248 248 248 248 248 248 248 248 248 248 248 248 248 248 248 248 248 248 249 248 248 248 249 249 249
287 236 359 359 359 359 359 359 304 304 304 107 308 308 107 107 107 331 331 331 331 331 331 331 331 331 331 331 331 331 331 331 331 331 331 331 331 331 331 331 331 331 331 331 331 331 331 331
287 236 128 113 113 113 113 238 238 238 238 238 238 238 257 257 257 257 257 257 257 257 257 257 257 257 257 257 257 257 257 257 257 257 257 257 257 257 257 270 257 257 270 270 270 270 270 270
287 236 128 113 113 113 113 259 259 259 259 259 259 259 259 259 259 259 259 259 259 259 259 259 259 259 259 259 259 259 259 235 259 259 259 259 259 259 259 235 252 235 235 235 235 235 235 235
287 236 128 113 113 113 113 259 259 259 259 259 259 259 259 259 259 259 259 259 259 259 259 259 259 259 259 259 259 259 259 259 259 259 259 259 259 259 259 259 259 259 259 259 259 259 259 259
287 236 128 113 113 113 113 259 259 259 259 259 259 259 259 259 259 259 261 259 259 259 259 259 259 259 259 259 259 259 259 259 259 259 259 259 259 259 259 259 252 259 259 259 259 259 259 259
287 236 128 113 113 113 113 259 259 259 259 259 259 259 259 259 259 259 261 259 259 259 259 259 259 259 131 131 131 131 131 131 131 131 131 131 131 131 131 131 252 131 131 131 131 131 131 131
287 236 128 113 113 113 113 259 259 259 259 259 259 259 259 259 259 259 259 259 259 259 259 259 259 259 259 259 259 259 259 259 259 259 259 259 259 259 259 259 259 259 259 259 259 259 259 259
287 236 128 113 113 113 113 238 238 238 95 95 95 95 95 95 95 95 95 95 95 95 95 95 95 95 95 95 95 95 95 95 95 95 95 98 98 98 98 98 98 98 98 98 98 98 98 98
287 236 128 113 113 209 209 259 259 259 259 259 259 259 259 259 259 259 259 259 259 259 259 259 259 265 259 259 259 259 230 235 231 230 230 230 230 230 230 235 230 235 235 235 235 235 235 235
287 236 128 191 191 209 209 209 209 209 209 209 209 209 209 209 209 209 209 209 209 209 209 209 209 265 209 209 209 226 230 223 231 230 265 230 230 230 230 223 230 223 223 223 265 226 226 226
287 236 128 113 113 113 113 238 238 238 238 238 238 238 248 248 248 248 248 248 248 248 248 248 248 248 248 248 248 248 248 248 248 248 248 248 248 248 248 248 248 278 248 248 248 278 278 278
287 236 128 113 113 209 209 238 238 238 238 238 238 238 248 248 248 248 248 248 248 248 248 248 248 265 248 248 248 248 248 235 248 248 265 248 248 248 248 235 248 235 235 235 265 235 235 235
287 236 128 113 113 113 113 238 238 238 238 238 238 238 257 257 257 257 257 257 257 257 257 257 257 257 257 257 257 257 257 257 257 257 257 257 257 257 257 245 257 257 270 270 270 268 268 268
287 236 128 113 113 113 113 238 238 238 238 238 238 238 257 257 257 257 257 257 257 257 257 257 257 257 257 238 238 238 238 238 238 238 238 238 238 238 238 238 238 238 238 238 238 238 238 238
287 236 128 113 113 113 113 238 238 238 238 238 238 238 257 257 257 257 257 257 257 257 257 257 257 257 257 257 257 257 257 257 257 257 257 257 257 257 257 270 257 257 270 270 270 270 270 270
287 236 128 113 113 113 113 238 238 238 238 238 238 238 248 248 248 248 248 248 248 248 248 248 248 248 248 248 248 248 248 248 248 248 248 248 248 248 248 248 248 238 248 248 248 238 238 238
287 236 128 113 113 113 113 259 259 259 259 259 259 259 259 259 259 259 259 259 259 259 259 259 259 259 259 259 259 259 259 259 259 259 259 259 259 259 259 259 259 259 259 259 259 259 259 259
287 236 128 113 113 113 113 238 238 238 95 95 95 95 248 248 248 248 248 248 248 248 248 248 248 248 248 248 248 248 248 248 248 248 248 248 248 248 248 248 248 278 248 248 248 278 278 278
287 236 128 113 113 113 113 238 238 238 95 95 95 95 248 248 248 248 248 248 248 248 248 248 248 248 248 248 248 248 248 248 248 248 248 104 104 104 104 104 104 104 104 104 104 104 104 104
287 236 128 113 113 113 113 238 238 238 95 95 95 95 248 248 248 248 248 248 248 248 248 248 248 248 248 248 248 248 248 248 248 248 248 104 104 104 104 104 104 104 104 104 104 104 104 104
287 236 128 113 113 113 113 259 259 259 259 259 259 259 259 259 259 259 259 259 259 259 259 259 259 259 259 259 259 259 259 235 259 259 259 259 259 259 259 235 252 235 235 235 235 235 235 235
287 236 128 113 113 113 113 259 259 259 259 259 259 259 248 248 248 248 248 248 248 248 248 248 248 248 248 248 248 248 248 248 248 248 248 248 248 248 248 248 248 249 248 248 248 249 249 249
287 236 128 113 113 113 113 238 238 238 95 95 95 95 95 95 95 95 95 95 95 95 95 95 95 95 95 95 95 95 95 95 95 95 95 248 248 248 248 248 248 278 248 248 248 278 278 278
287 236 128 113 113 113 113 259 259 259 259 259 259 259 259 259 259 259 259 259 259 259 259 259 259 259 259 259 259 259 259 259 259 259 259 259 259 259 259 259 259 259 259 259 259 259 259 259
287 236 359 359 359 359 359 359 304 304 304 84 84 84 84 84 84 84 84 84 84 84 84 84 118 118 84 84 84 84 84 84 84 84 84 84 84 84 84 88 84 84 84 84 84 84 84 84
287 56 359 359 359 359 359 359 311 311 311 107 359 359 107 107 107 300 300 300 300 300 300 300 300 300 300 300 300 300 300 300 300 300 300 300 300 359 359 107 300 288 300 300 300 288 288 288
287 56 359 359 359 359 359 359 304 304 304 359 359 359 106 106 106 300 300 300 300 300 300 304 304 304 304 304 304 304 304 304 304 304 304 304 304 304 304 304 62 304 304 304 304 304 304 304
287 236 128 113 113 113 113 259 304 304 95 95 95 95 95 95 95 95 95 95 95 95 95 95 95 95 95 95 95 95 95 95 95 95 95 98 98 98 98 98 98 98 98 98 98 98 98 98
287 236 128 113 113 113 113 238 238 238 95 95 95 95 248 248 248 248 248 248 248 248 248 248 248 248 248 248 248 248 248 248 248 248 248 248 248 248 248 248 248 278 248 248 248 278 278 278
287 236 128 113 113 113 113 259 259 259 259 259 259 259 248 248 248 248 248 248 248 248 248 248 248 248 248 248 248 248 248 248 248 248 248 248 248 248 248 248 248 249 248 248 248 249 249 249
287 236 128 113 113 113 113 259 304 304 95 95 95 95 248 248 248 248 248 248 248 248 248 248 248 248 248 248 95 248 248 248 248 248 248 104 104 104 104 104 104 278 104 104 104 278 278 278
287 236 359 113 113 359 113 359 304 304 304 84 84 84 106 106 106 84 84 84 84 84 84 304 304 304 304 304 304 304 304 304 304 304 304 304 304 304 304 304 304 304 304 304 304 304 304 304
287 56 359 359 359 359 359 359 311 311 311 107 308 308 107 107 107 331 331 331 331 331 331 331 331 331 331 331 331 331 331 331 331 331 331 331 331 331 331 107 5 288 5 5 5 288 288 288
287 56 359 359 359 359 359 359 311 311 311 107 308 308 107 107 107 331 331 331 331 331 331 331 331 331 331 331 331 331 331 331 331 331 331 331 331 331 331 331 331 331 331 331 331 331 331 331
287 236 359 359 359 359 359 359 304 304 304 359 359 359 106 106 106 300 300 300 300 300 300 304 304 304 304 304 304 304 304 304 304 304 304 304 304 304 304 304 304 304 304 304 304 304 304 304
287 236 359 113 113 113 113 259 304 304 95 95 95 95 95 95 95 95 95 95 95 95 95 95 95 95 95 95 95 95 95 95 95 95 95 98 98 98 98 98 98 98 98 98 98 98 98 98
287 236 359 359 359 359 359 359 311 311 311 359 359 359 106 106 106 319 319 319 319 319 319 319 319 319 319 319 319 319 319 319 319 319 319 319 319 361 361 361 292 361 361 361 361 292 292 292
287 56 359 359 359 359 325 325 325 325 325 325 325 322 322 322 322 322 322 325 325 322 322 322 322 322 322 322 322 322 322 322 323 322 322 322 63 323 63 323 323 294 293 293 293 293 293 293
287 56 14 14 56 56 325 325 325 325 325 325 325 322 322 322 322 322 322 325 325 322 322 322 322 322 322 322 322 322 322 322 323 323 323 323 323 323 323 323 323 294 293 293 293 293 293 293
287 56 14 14 56 56 325 325 325 325 325 325 325 322 322 322 54 322 322 54 54 322 55 54 322 322 54 322 322 54 55 322 323 323 323 323 323 323 323 323 323 294 323 323 323 323 323 323
287 56 359 359 56 56 325 325 325 325 325 325 325 322 322 322 322 322 322 325 325 322 322 322 322 322 322 322 322 322 322 322 323 323 323 323 323 323 323 323 323 294 323 323 323 323 323 323
287 56 359 359 359 359 325 325 325 325 325 325 325 322 322 322 322 322 322 300 300 322 322 322 322 322 322 322 322 322 322 322 323 323 323 323 63 329 63 297 329 329 329 329 329 329 329 329
287 236 359 359 359 359 359 359 304 304 304 359 359 359 106 106 106 319 319 319 319 319 319 304 304 304 304 304 304 304 304 304 304 304 304 304 304 304 304 304 304 304 304 304 304 304 304 304
287 236 359 359 359 359 359 359 304 304 304 359 359 359 106 106 106 319 319 319 319 319 319 304 304 304 304 304 304 304 304 304 304 304 304 304 304 304 304 304 304 304 304 304 304 304 304 304
287 56 359 359 359 359 359 359 311 311 311 107 359 359 107 107 107 300 300 300 300 300 300 300 300 300 300 300 300 300 300 300 300 300 300 300 300 300 300 107 300 300 300 300 300 300 300 300
287 56 359 359 359 359 359 359 304 304 304 107 359 359 107 107 107 300 300 300 300 300 300 300 300 300 300 300 300 300 300 300 300 300 300 300 300 300 300 107 300 300 300 300 300 300 300 300
287 236 359 359 359 359 359 359 311 311 311 107 308 308 107 107 107 331 331 331 331 331 331 331 331 331 331 331 331 331 331 331 331 331 331 331 331 331 331 331 331 331 331 331 331 331 331 331
287 236 359 113 113 113 113 359 304 304 304 95 95 95 95 95 95 95 95 95 95 95 95 304 304 304 304 304 304 304 304 304 304 304 304 304 304 304 304 304 304 304 304 304 304 304 304 304
287 236 359 359 359 359 359 359 304 304 304 359 359 359 106 106 106 300 300 300 300 300 300 304 304 304 304 304 304 304 304 304 304 304 304 304 304 304 304 304 304 304 304 304 304 304 304 304
287 56 14 14 56 56 325 325 325 325 325 325 325 322 322 322 322 322 322 325 325 322 322 322 322 322 322 322 322 322 322 322 325 322 322 322 326 326 326 326 326 326 326 326 326 326 326 326
287 56 14 14 56 56 325 325 325 325 325 325 325 322 322 322 322 322 322 325 325 322 322 322 322 322 322 322 322 322 322 322 325 322 322 322 56 56 56 326 37 325 37 37 37 56 56 56
287 56 359 359 359 359 359 359 311 311 311 107 359 359 107 107 107 300 300 300 300 300 300 300 300 300 300 300 300 300 300 300 300 300 300 300 300 300 300 107 300 300 300 300 300 300 300 300
287 236 359 359 359 359 359 359 311 311 311 107 308 308 107 107 107 331 331 331 331 331 331 331 331 331 331 331 331 331 331 331 331 331 331 331 331 331 331 107 331 331 331 331 331 331 331 331
287 236 359 113 113 113 113 238 238 238 95 95 95 95 95 95 95 95 95 95 95 95 95 95 95 95 95 95 95 95 95 95 95 95 95 104 104 104 104 104 104 104 104 104 104 104 104 104
287 236 359 113 113 113 113 359 304 304 95 95 95 95 95 95 95 331 331 331 331 331 331 331 331 331 331 331 331 331 331 331 331 331 331 331 331 331 331 331 331 331 331 331 331 331 331 331
287 56 359 359 359 359 359 359 311 311 311 107 359 359 107 107 107 300 300 300 300 300 300 300 300 300 300 300 300 300 300 300 300 300 300 300 300 300 300 107 300 300 300 300 300 300 300 300
287 56 359 359 359 359 359 359 325 325 325 359 359 359 106 106 106 319 319 319 319 319 319 319 319 319 319 319 319 319 319 319 319 319 319 319 319 326 326 326 326 326 326 326 326 326 326 326
287 56 359 359 56 56 325 325 325 325 325 325 325 322 322 322 322 322 322 325 325 322 322 322 322 322 322 322 322 322 322 322 325 322 322 322 326 326 326 326 326 326 326 322 322 326 326 326
287 56 359 359 56 56 325 325 325 325 325 325 325 322 322 322 322 322 322 325 325 322 322 322 322 322 322 322 322 322 322 322 325 323 323 323 323 323 323 297 323 294 323 323 323 323 323 323
287 56 359 359 359 359 359 359 311 311 311 107 308 308 107 107 107 300 300 300 300 300 300 300 300 300 300 300 300 300 300 300 300 300 300 300 300 300 300 107 5 288 5 5 5 288 288 288
287 236 359 359 359 359 359 359 304 304 304 359 359 359 106 106 106 331 331 331 331 331 331 331 331 331 331 331 331 331 331 331 331 331 331 331 331 331 331 331 331 331 331 331 331 331 331 331
287 56 359 359 359 359 359 359 304 304 304 359 359 359 106 106 106 319 319 319 319 319 319 304 304 304 304 304 304 304 304 304 304 304 304 304 304 304 304 304 304 304 304 304 304 304 304 304
287 56 359 359 359 359 359 359 304 304 304 359 359 359 106 106 106 319 319 319 319 319 319 304 304 304 304 304 304 304 304 304 304 304 304 304 304 359 359 304 304 304 304 304 304 304 304 304
287 56 359 359 359 359 359 359 304 304 304 359 359 359 106 106 106 319 319 319 319 319 319 319 319 319 319 319 319 319 319 319 319 319 319 319 319 359 359 304 329 329 329 329 329 329 329 329
287 56 359 359 359 359 359 359 304 304 304 359 359 359 106 106 106 319 319 319 319 319 319 319 319 319 319 319 319 319 319 319 319 319 319 319 319 359 359 326 329 329 329 329 329 329 329 329
287 56 359 359 56 56 325 325 325 325 325 325 325 322 322 322 322 322 322 325 325 322 322 322 322 322 322 322 322 322 322 322 325 322 322 322 323 323 323 323 323 325 323 322 322 323 323 323
287 56 359 359 56 56 325 325 325 325 325 325 325 322 322 322 322 322 322 325 325 322 322 322 322 322 322 322 322 322 322 322 325 322 322 322 323 323 323 323 323 325 323 322 322 323 323 323
287 56 359 359 56 56 325 325 325 325 325 325 325 322 322 322 322 322 322 325 325 322 322 322 322 322 322 322 322 322 322 322 323 323 323 323 323 323 323 323 323 325 323 323 323 323 323 323
287 56 359 359 359 359 325 325 325 325 325 325 325 322 322 322 322 322 322 325 325 322 322 322 322 322 322 322 322 322 322 322 323 323 323 323 323 323 323 323 323 325 323 323 323 323 323 323
287 56 14 14 56 56 325 325 325 325 325 325 325 322 322 322 322 322 322 325 325 322 322 322 322 322 322 322 322 322 322 322 325 322 322 322 323 323 323 323 323 325 323 322 322 323 323 323
287 56 359 359 56 56 325 325 325 325 325 325 325 322 322 322 322 322 322 325 325 322 322 322 322 322 322 322 322 322 322 322 325 322 322 322 326 326 326 326 326 326 326 326 326 326 326 326
287 56 359 359 56 56 325 325 325 325 325 325 325 322 322 322 322 322 322 325 325 322 322 322 322 322 322 322 322 322 322 322 325 322 322 322 326 326 326 326 326 326 326 326 326 326 326 326
287 56 359 359 359 359 359 359 325 325 325 359 359 322 322 322 322 322 322 319 319 322 322 322 322 322 322 322 322 322 322 322 323 322 322 322 63 329 63 297 329 329 329 329 329 329 329 329
287 56 359 359 359 359 359 359 304 304 304 359 359 359 322 322 322 300 300 300 300 300 300 300 300 300 300 300 300 300 300 300 300 300 300 300 63 329 63 297 329 329 329 329 329 329 329 329
287 56 359 359 359 359 359 359 304 304 304 359 359 359 106 106 106 300 300 300 300 300 300 300 300 300 300 300 300 300 300 300 300 300 300 300 300 329 300 297 329 329 329 329 329 329 329 329
287 236 359 359 359 359 359 359 311 311 311 107 308 308 107 107 107 331 331 331 331 331 331 331 331 331 331 331 331 331 331 331 331 331 331 331 331 331 331 331 331 331 331 331 331 331 331 331
287 56 359 359 359 359 359 359 311 311 311 107 308 308 107 107 107 331 331 331 331 331 331 331 331 331 331 331 331 331 331 331 331 331 331 331 331 331 331 331 331 331 331 331 331 331 331 331
287 56 359 359 359 359 359 359 311 311 311 107 57 57 57 57 57 57 57 57 8 57 8 8 8 8 8 8 8 8 8 8 8 8 8 8 8 8 8 8 8 8 8 8 8 8 8 8
287 56 359 359 359 359 359 359 311 311 311 107 57 57 57 57 57 57 57 57 65 57 65 65 65 65 65 65 65 65 65 65 65 65 65 65 65 65 65 65 5 65 5 5 5 65 65 65
287 56 14 14 349 349 13 45 45 13 13 13 13 357 357 357 349 357 357 349 349 42 357 357 35 35 349 35 35 35 352 3 35 35 35 35 35 35 35 35 35 35 35 35 35 35 35 35
287 56 14 14 56 56 325 45 45 325 325 325 325 357 357 357 54 357 357 54 54 56 357 357 357 357 56 357 56 56 352 12 336 45 45 45 45 45 12 12 12 12 12 12 12 357 357 357
287 56 14 14 349 349 13 13 13 13 13 13 13 344 344 344 363 344 344 13 13 13 20 13 345 345 13 13 13 13 13 20 13 13 13 13 13 13 13 13 13 13 13 13 13 343 343 343
287 56 14 14 56 56 13 13 13 13 13 13 13 357 357 357 363 357 357 13 13 56 357 357 357 357 56 357 35 35 56 349 35 35 35 35 35 35 35 35 35 35 35 35 35 357 357 357
287 56 14 14 349 349 13 13 13 347 347 347 347 347 347 347 347 347 347 347 347 347 347 347 347 347 347 347 347 347 347 347 347 347 347 347 347 347 347 347 347 23 347 347 347 347 347 347
287 56 14 14 56 56 325 45 45 347 347 347 347 347 347 347 347 347 347 347 347 347 347 347 347 347 347 347 347 347 347 347 347 347 347 347 347 347 347 347 347 23 347 347 347 347 347 347
287 56 14 14 56 56 13 13 13 13 13 13 13 344 344 344 363 344 344 13 13 13 20 13 345 345 13 13 13 13 13 20 13 13 13 13 13 13 13 13 13 13 13 13 13 343 343 343
287 56 14 14 56 56 325 325 325 325 325 325 325 357 357 357 363 357 357 325 325 56 357 357 357 357 56 357 56 56 56 66 336 56 56 56 56 56 56 38 56 12 56 56 56 56 56 56
287 56 14 14 349 349 13 13 13 13 13 13 13 344 344 344 363 344 344 13 13 13 20 13 345 345 13 13 13 13 13 20 13 13 13 13 13 13 13 13 13 13 13 13 13 343 343 343
287 56 14 14 349 349 13 13 13 13 13 13 13 344 344 344 363 344 344 13 13 13 20 13 345 345 13 13 13 13 13 20 13 68 68 13 13 13 13 13 13 13 13 13 13 343 343 343
287 56 14 14 349 349 13 13 13 13 13 13 13 344 344 344 363 344 344 13 13 13 20 13 345 345 13 13 13 24 24 20 24 68 68 24 24 24 24 24 24 46 24 24 24 343 343 343
287 56 14 14 349 349 13 13 13 13 13 13 57 57 57 57 57 57 57 57 8 57 8 8 8 8 8 8 8 8 8 8 8 8 8 8 8 8 8 8 8 8 8 8 8 8 8 8
287 56 14 14 56 56 13 45 45 347 347 347 347 347 347 347 347 347 347 347 347 347 347 347 347 347 347 347 347 347 347 347 347 347 347 347 347 347 347 347 347 23 347 347 347 347 347 347
287 56 14 14 349 349 49 45 45 49 49 49 49 49 49 49 349 49 49 349 349 349 349 349 349 349 349 349 349 34 34 349 34 45 45 34 34 34 34 34 34 349 34 34 34 34 34 33
287 56 14 14 349 349 49 45 45 49 49 49 49 49 49 49 349 49 49 349 349 349 349 349 349 349 349 349 349 35 34 349 35 45 45 45 45 45 45 35 45 349 45 45 45 45 45 45
287 56 14 14 349 349 49 45 45 49 49 49 49 357 357 357 349 357 357 349 349 349 349 349 35 35 349 35 35 35 352 3 35 35 35 35 35 35 35 35 35 35 35 35 35 35 35 35
287 56 14 14 56 56 49 45 45 49 49 49 49 357 357 357 54 357 357 54 54 42 357 357 357 357 54 357 35 54 352 12 336 45 45 45 45 45 12 12 12 12 12 12 12 357 357 357
287 56 14 14 56 56 325 45 45 325 325 325 325 357 357 357 54 357 357 54 54 42 357 357 357 357 56 357 35 35 352 12 336 45 45 45 45 45 12 12 12 12 12 12 12 357 357 357
287 56 14 14 56 56 325 325 325 347 347 347 347 347 347 347 347 347 347 347 347 347 347 347 347 347 347 347 347 347 347 347 347 347 347 347 347 347 347 347 347 44 347 347 347 347 347 347
287 56 14 14 56 56 325 325 325 347 347 347 347 347 347 347 347 347 347 347 347 347 347 347 347 347 347 347 347 347 347 347 347 347 347 347 347 347 347 347 37 44 37 37 37 347 347 347
287 56 14 14 56 56 325 325 325 325 325 325 325 357 357 357 322 357 357 325 325 56 357 357 357 357 56 357 56 56 56 322 325 56 56 56 56 56 56 38 56 325 56 56 56 56 56 56
287 56 359 359 56 56 325 325 325 325 325 325 325 322 322 322 322 322 322 325 325 322 322 322 322 322 322 322 322 322 322 322 325 322 322 322 326 326 326 326 326 325 326 322 322 326 326 326
287 56 14 14 56 56 325 325 325 325 325 325 325 357 357 357 363 357 357 54 54 56 357 357 357 357 56 357 56 56 56 12 336 56 56 56 56 56 12 12 12 12 12 12 12 357 357 357
287 56 359 359 56 56 325 325 325 325 325 325 325 322 107 107 107 300 300 300 300 300 300 300 300 300 300 300 300 300 300 300 300 300 300 300 300 300 300 38 300 300 300 300 300 300 300 300
287 56 359 359 359 359 359 359 304 304 304 359 359 359 106 106 106 319 319 319 319 319 319 319 319 319 319 319 319 319 319 319 319 319 319 319 319 359 359 304 329 329 329 329 329 329 329 329
287 56 359 359 359 359 359 359 304 304 304 359 359 359 106 106 106 300 300 300 300 300 300 304 304 304 304 304 304 304 304 304 304 304 304 304 304 359 359 304 304 304 304 304 304 304 304 304
287 56 359 359 359 359 359 359 311 311 311 359 359 359 106 106 106 319 319 319 319 319 319 319 319 319 319 319 319 319 319 319 319 319 319 319 319 361 361 361 292 361 361 361 361 292 292 292
287 56 14 14 56 56 13 13 13 13 13 13 13 357 357 357 363 357 357 13 13 13 357 357 357 357 13 357 13 13 13 12 13 13 13 13 13 13 13 13 13 13 13 13 13 357 357 357
287 56 14 14 56 56 13 13 13 13 13 13 13 357 357 357 363 357 357 13 13 13 357 13 357 357 13 13 13 13 13 12 13 13 13 13 13 13 13 13 13 13 13 13 13 357 357 357
287 56 14 14 56 56 325 325 325 325 325 325 325 357 357 357 54 357 357 54 54 56 357 357 357 357 54 357 56 54 56 66 325 56 56 56 56 56 56 38 56 325 56 56 56 357 357 357
287 56 14 14 56 56 325 325 325 325 325 325 325 357 357 357 322 357 357 325 325 56 357 357 357 357 56 357 56 56 56 12 325 56 56 56 56 56 12 12 12 12 12 12 12 357 357 357
