317
364
297
47
47
34
34
14
14
364
364
14
14
14
14
14
34
364
297
34
297
297
34
14
47
317
34
14
364
34
297
317
297
34
34
34
14
34
364
47
34
34
34
364
14
47
47
34
34
364
317
297
297
364
317
34
364
317
317
364
364
364
364
34
34
364
47
47
47
34
34
34
34
297
105
262
297
297
34
317
297
105
297
297
317
105
317
317
139
139
317
105
47
297
179
262
233
233
233
233
262
179
179
105
105
105
105
105
105
105
105
105
105
105
262
297
179
105
297
105
179
179
193
179
139
139
139
105
139
105
179
105
105
105
233
262
179
139
139
233
233
233
233
179
179
233
233
233
193
179
193
179
139
139
105
233
105
179
179
139
139
139
179
139
179
179
233
233
233
233
233
193
193
193
233
233
233
233
179
179
233
233
233
233
233
179
179
193
139
233
233
233
193
193
262
262
233
139
233
193
193
193
233
233
233
193
193
193
139
233
233
233
233
179
179
193
179
179
179
179
179
179
233
233
233
233
193
179
193
193
233
233
233
233
193
193
139
139
193
233
233
233
193
262
233
233
193
193
193
193
262
233
105
105
262
193
193
139
262
297
262
262
179
179
262
262
262
233
262
179
179
139
139
105
105
262
179
193
262
262
262
262
262
179
179
262
262
262
297
297
262
297
262
262
297
297
297
297
47
34
34
297
297
297
47
47
34
34
34
317
317
297
317
317
193
297
317
317
317
317
317
317
317
317
317
297
297
364
317
34
317
364
364
364
317
364
317
317
364
364
34
364
34
364
14
317
47
297
297
317
317
297
317
317
364
364
364
14
14
14
14
47
364
364
364
