337
6
48
47
47
6
6
6
6
6
6
6
6
6
6
6
6
48
48
48
52
48
48
6
6
48
48
6
337
48
52
6
47
48
47
6
6
47
6
6
42
42
47
337
6
47
47
48
42
337
6
52
52
47
52
48
6
52
337
337
47
6
47
47
47
47
110
47
47
47
108
108
47
48
122
122
52
48
48
52
52
122
134
48
337
122
337
337
122
122
47
108
47
52
122
52
104
122
104
104
52
104
122
104
108
104
104
108
110
110
110
122
104
104
52
52
122
104
134
122
110
122
52
122
104
104
122
104
122
110
110
104
104
134
104
52
110
122
122
122
122
104
122
104
122
122
104
122
207
122
207
122
337
122
104
104
104
110
110
110
104
104
122
104
104
122
104
104
122
122
122
122
52
122
122
104
122
104
122
110
104
104
122
104
104
122
110
122
122
122
104
104
207
52
52
52
104
104
104
122
122
122
122
122
122
52
207
122
122
122
122
104
104
110
110
52
104
104
104
122
122
122
122
122
104
122
52
122
52
122
122
122
104
104
207
122
122
122
52
122
104
122
122
52
122
122
122
52
122
52
52
122
104
104
52
52
122
122
52
52
122
52
122
122
52
52
52
122
122
122
122
104
104
104
122
122
122
52
52
52
52
52
52
122
122
52
52
52
52
52
52
52
52
52
52
52
52
52
47
47
6
52
52
47
47
47
47
6
6
6
6
52
337
337
52
52
337
337
6
6
337
337
337
337
337
52
52
6
337
52
6
337
6
6
6
6
337
337
337
6
6
337
6
337
6
6
6
48
6
337
337
337
337
6
6
6
6
6
6
6
6
6
6
6
6
